<?xml version="1.0" encoding="UTF-8"?>
<testsuite xmlns:xsi="http://www.w3.org/2001/XMLSchema-instance" xsi:noNamespaceSchemaLocation="https://maven.apache.org/surefire/maven-surefire-plugin/xsd/surefire-test-report.xsd" version="3.0.2" name="com.system.ContestTrainingSystemApplicationTests" time="6.63" tests="1" errors="0" skipped="0" failures="0">
  <properties>
[...]
</properties>
  <testcase name="contextLoads" classname="com.system.ContestTrainingSystemApplicationTests" time="0.841">
    <system-out><![CDATA[16:23:48.809 [main] INFO org.springframework.test.context.support.AnnotationConfigContextLoaderUtils -- Could not detect default configuration classes for test class [com.system.ContestTrainingSystemApplicationTests]: ContestTrainingSystemApplicationTests does not declare any static, non-private, non-final, nested classes annotated with @Configuration.
16:23:48.973 [main] INFO org.springframework.boot.test.context.SpringBootTestContextBootstrapper -- Found @SpringBootConfiguration com.system.ContestTrainingSystemApplication for test class com.system.ContestTrainingSystemApplicationTests

  .   ____          _            __ _ _
 /\\ / ___'_ __ _ _(_)_ __  __ _ \ \ \ \
( ( )\___ | '_ | '_| | '_ \/ _` | \ \ \ \
 \\/  ___)| |_)| | | | | || (_| |  ) ) ) )
  '  |____| .__|_| |_|_| |_\__, | / / / /
 =========|_|==============|___/=/_/_/_/

 :: Spring Boot ::                (v3.5.6)

2025-10-27T16:23:49.580+08:00  INFO 60092 --- [competition_training_system] [           main] .s.ContestTrainingSystemApplicationTests : Starting ContestTrainingSystemApplicationTests using Java 17.0.12 with PID 60092 (started by 赖宇堃 in D:\code\Work\DataBaseCourseDesign\contest_training_system)
2025-10-27T16:23:49.584+08:00  INFO 60092 --- [competition_training_system] [           main] .s.ContestTrainingSystemApplicationTests : No active profile set, falling back to 1 default profile: "default"
Logging initialized using 'class org.apache.ibatis.logging.stdout.StdOutImpl' adapter.
2025-10-27T16:23:53.180+08:00  WARN 60092 --- [competition_training_system] [           main] .s.s.UserDetailsServiceAutoConfiguration : 

Using generated security password: 060a4586-3d59-486e-ae49-5975f3988bf9

This generated password is for development use only. Your security configuration must be updated before running your application in production.

2025-10-27T16:23:53.204+08:00  INFO 60092 --- [competition_training_system] [           main] r$InitializeUserDetailsManagerConfigurer : Global AuthenticationManager configured with UserDetailsService bean with name inMemoryUserDetailsManager


,------.                           ,--.  ,--.         ,--.                         
|  .--. '  ,--,--.  ,---.   ,---.  |  '--'  |  ,---.  |  |  ,---.   ,---.  ,--.--. 
|  '--' | ' ,-.  | | .-. | | .-. : |  .--.  | | .-. : |  | | .-. | | .-. : |  .--' 
|  | --'  \ '-'  | ' '-' ' \   --. |  |  |  | \   --. |  | | '-' ' \   --. |  |    
`--'       `--`--' .`-  /   `----' `--'  `--'  `----' `--' |  |-'   `----' `--'    
                   `---'                                   `--'                        is intercepting.

2025-10-27T16:23:54.388+08:00  INFO 60092 --- [competition_training_system] [           main] .s.ContestTrainingSystemApplicationTests : Started ContestTrainingSystemApplicationTests in 5.214 seconds (process running for 7.069)
]]></system-out>
  </testcase>
</testsuite>